<?xml version="1.0" encoding="UTF-8"?>
<!-- Generated by org.testng.reporters.JUnitReportReporter -->
<testsuite hostname="DESKTOP-JM89P2U" failures="0" tests="1" name="TestCase1" time="13.798" errors="0" timestamp="2022-12-27T18:17:50 IST" skipped="0">
  <testcase classname="TestCase1" name="tc1" time="13.798"/>
  <system-out/>
</testsuite> <!-- TestCase1 -->
