<?xml version="1.0" encoding="UTF-8"?>
<!-- Generated by org.testng.reporters.JUnitReportReporter -->
<testsuite hostname="DESKTOP-JM89P2U" failures="0" tests="1" name="script.TestCase3" time="16.045" errors="0" timestamp="2022-12-27T21:18:38 IST" skipped="0">
  <testcase classname="script.TestCase3" name="tc3" time="16.045"/>
  <system-out/>
</testsuite> <!-- script.TestCase3 -->
